========== AL ==========
Fri May  8 01:23:32 PDT 2026
  [api] median_debt: 957 cells
  [api] default_rate: 925 cells
  [api] pell_share: 1191 cells
  [api] earnings_median_10yr: 426 cells
  [api] earnings_median_8yr: 491 cells
  [api] earnings_median_6yr: 546 cells
  api: 83 institutions w/ history; vintages with data: [2002, 2003, 2004, 2005, 2006, 2007, 2008, 2009, 2010, 2011, 2012, 2013, 2014, 2015, 2016, 2017, 2018, 2019, 2020, 2021, 2022, 2023, 2024]
  merged: 144 institutions; continuous vintage range 1996–2024 (29 years)
  Anomaly engine: 226 institution-level flags
Loading Scorecard FieldOfStudyData (current vintage) ...
  2806 FoS rows for AL institutions
  Built 2806 Program models
Loading historical FieldOfStudyData files from /Users/richardwong/college-study-data/data/raw/scorecard_bulk/College_Scorecard_Raw_Data_05192025 ...
  3018 (unitid×cip×credlev) keys w/ history; FoS vintages [2014, 2015, 2016, 2017, 2018, 2019]
  Anomaly engine: 230 program-level flags
  Detected 1 programs with pooled-earnings (parent-OPEID rollup)
Publishing ...
  institutions: 69
  cities: 42
  programs: 2806
  files_written: 2918
  stale_deleted: 0
Wrote home.json + methodology.json
Wrote rankings.json (reporting_year=2024)
=== Done. Output: /Users/richardwong/college-study-data/data/published ===
========== AK ==========
Fri May  8 01:26:37 PDT 2026
  [api] median_debt: 121 cells
  [api] default_rate: 125 cells
  [api] pell_share: 167 cells
  [api] earnings_median_10yr: 52 cells
  [api] earnings_median_8yr: 58 cells
  [api] earnings_median_6yr: 65 cells
  api: 10 institutions w/ history; vintages with data: [2002, 2003, 2004, 2005, 2006, 2007, 2008, 2009, 2010, 2011, 2012, 2013, 2014, 2015, 2016, 2017, 2018, 2019, 2020, 2021, 2022, 2023, 2024]
  merged: 15 institutions; continuous vintage range 1996–2024 (29 years)
  Anomaly engine: 31 institution-level flags
Loading Scorecard FieldOfStudyData (current vintage) ...
  598 FoS rows for AK institutions
  Built 598 Program models
Loading historical FieldOfStudyData files from /Users/richardwong/college-study-data/data/raw/scorecard_bulk/College_Scorecard_Raw_Data_05192025 ...
  687 (unitid×cip×credlev) keys w/ history; FoS vintages [2014, 2015, 2016, 2017, 2018, 2019]
  Anomaly engine: 28 program-level flags
  Detected 0 programs with pooled-earnings (parent-OPEID rollup)
Publishing ...
  institutions: 10
  cities: 7
  programs: 598
  files_written: 616
  stale_deleted: 0
Wrote home.json + methodology.json
Wrote rankings.json (reporting_year=2024)
=== Done. Output: /Users/richardwong/college-study-data/data/published ===
========== AZ ==========
Fri May  8 01:27:31 PDT 2026
  [api] median_debt: 1089 cells
  [api] default_rate: 1257 cells
  [api] pell_share: 1384 cells
  [api] earnings_median_10yr: 428 cells
  [api] earnings_median_8yr: 485 cells
  [api] earnings_median_6yr: 541 cells
  api: 126 institutions w/ history; vintages with data: [2002, 2003, 2004, 2005, 2006, 2007, 2008, 2009, 2010, 2011, 2012, 2013, 2014, 2015, 2016, 2017, 2018, 2019, 2020, 2021, 2022, 2023, 2024]
  merged: 217 institutions; continuous vintage range 1996–2024 (29 years)
  Anomaly engine: 226 institution-level flags
Loading Scorecard FieldOfStudyData (current vintage) ...
  3833 FoS rows for AZ institutions
  Built 3833 Program models
Loading historical FieldOfStudyData files from /Users/richardwong/college-study-data/data/raw/scorecard_bulk/College_Scorecard_Raw_Data_05192025 ...
  4358 (unitid×cip×credlev) keys w/ history; FoS vintages [2014, 2015, 2016, 2017, 2018, 2019]
  Anomaly engine: 376 program-level flags
  Detected 0 programs with pooled-earnings (parent-OPEID rollup)
Publishing ...
  institutions: 73
  cities: 21
  programs: 3833
  files_written: 3928
  stale_deleted: 0
Wrote home.json + methodology.json
Wrote rankings.json (reporting_year=2024)
=== Done. Output: /Users/richardwong/college-study-data/data/published ===
========== AR ==========
Fri May  8 01:31:31 PDT 2026
  [api] median_debt: 1043 cells
  [api] default_rate: 1018 cells
  [api] pell_share: 1189 cells
  [api] earnings_median_10yr: 396 cells
  [api] earnings_median_8yr: 455 cells
  [api] earnings_median_6yr: 511 cells
  api: 84 institutions w/ history; vintages with data: [2002, 2003, 2004, 2005, 2006, 2007, 2008, 2009, 2010, 2011, 2012, 2013, 2014, 2015, 2016, 2017, 2018, 2019, 2020, 2021, 2022, 2023, 2024]
  merged: 131 institutions; continuous vintage range 1996–2024 (29 years)
  Anomaly engine: 265 institution-level flags
Loading Scorecard FieldOfStudyData (current vintage) ...
  2663 FoS rows for AR institutions
  Built 2663 Program models
Loading historical FieldOfStudyData files from /Users/richardwong/college-study-data/data/raw/scorecard_bulk/College_Scorecard_Raw_Data_05192025 ...
  2867 (unitid×cip×credlev) keys w/ history; FoS vintages [2014, 2015, 2016, 2017, 2018, 2019]
  Anomaly engine: 215 program-level flags
  Detected 0 programs with pooled-earnings (parent-OPEID rollup)
Publishing ...
  institutions: 76
  cities: 42
  programs: 2663
  files_written: 2781
  stale_deleted: 0
Wrote home.json + methodology.json
Wrote rankings.json (reporting_year=2024)
=== Done. Output: /Users/richardwong/college-study-data/data/published ===
========== CA ==========
Fri May  8 01:35:02 PDT 2026
<head>
    <meta charset="UTF-8" />
    <meta name="robots" content="noindex,nofollow,noarchive" />
    <title>An Error Occurred: Internal Server Error</title>
    <st
  [api] earnings_median_6yr: 1493 cells
  api: 668 institutions w/ history; vintages with data: [2002, 2003, 2004, 2005, 2006, 2007, 2008, 2009, 2010, 2011, 2012, 2013, 2014, 2015, 2016, 2017, 2018, 2019, 2020, 2021, 2022, 2023, 2024]
  merged: 1217 institutions; continuous vintage range 1996–2024 (29 years)
  Anomaly engine: 1499 institution-level flags
Loading Scorecard FieldOfStudyData (current vintage) ...
  20306 FoS rows for CA institutions
  Built 20306 Program models
Loading historical FieldOfStudyData files from /Users/richardwong/college-study-data/data/raw/scorecard_bulk/College_Scorecard_Raw_Data_05192025 ...
  21853 (unitid×cip×credlev) keys w/ history; FoS vintages [2014, 2015, 2016, 2017, 2018, 2019]
  Anomaly engine: 1466 program-level flags
  Detected 1 programs with pooled-earnings (parent-OPEID rollup)
Publishing ...
  institutions: 536
  cities: 215
  programs: 20306
  files_written: 21056
  stale_deleted: 0
Wrote home.json + methodology.json
Wrote rankings.json (reporting_year=2024)
=== Done. Output: /Users/richardwong/college-study-data/data/published ===
========== CO ==========
Fri May  8 01:59:02 PDT 2026
  [api] median_debt: 1114 cells
  [api] default_rate: 1048 cells
  [api] pell_share: 1194 cells
  [api] earnings_median_10yr: 399 cells
  [api] earnings_median_8yr: 462 cells
  [api] earnings_median_6yr: 522 cells
  api: 86 institutions w/ history; vintages with data: [2002, 2003, 2004, 2005, 2006, 2007, 2008, 2009, 2010, 2011, 2012, 2013, 2014, 2015, 2016, 2017, 2018, 2019, 2020, 2021, 2022, 2023, 2024]
  merged: 158 institutions; continuous vintage range 1996–2024 (29 years)
  Anomaly engine: 234 institution-level flags
Loading Scorecard FieldOfStudyData (current vintage) ...
  2919 FoS rows for CO institutions
  Built 2919 Program models
Loading historical FieldOfStudyData files from /Users/richardwong/college-study-data/data/raw/scorecard_bulk/College_Scorecard_Raw_Data_05192025 ...
  3147 (unitid×cip×credlev) keys w/ history; FoS vintages [2014, 2015, 2016, 2017, 2018, 2019]
  Anomaly engine: 341 program-level flags
  Detected 0 programs with pooled-earnings (parent-OPEID rollup)
Publishing ...
  institutions: 75
  cities: 28
  programs: 2919
  files_written: 3023
  stale_deleted: 0
Wrote home.json + methodology.json + roi_constants.json
Wrote rankings.json (reporting_year=2024)
=== Done. Output: /Users/richardwong/college-study-data/data/published ===
========== CT ==========
Fri May  8 02:02:50 PDT 2026
  [api] median_debt: 770 cells
  [api] default_rate: 683 cells
  [api] pell_share: 760 cells
  [api] earnings_median_10yr: 260 cells
  [api] earnings_median_8yr: 298 cells
  [api] earnings_median_6yr: 333 cells
  api: 57 institutions w/ history; vintages with data: [2002, 2003, 2004, 2005, 2006, 2007, 2008, 2009, 2010, 2011, 2012, 2013, 2014, 2015, 2016, 2017, 2018, 2019, 2020, 2021, 2022, 2023, 2024]
  merged: 151 institutions; continuous vintage range 1996–2024 (29 years)
  Anomaly engine: 136 institution-level flags
Loading Scorecard FieldOfStudyData (current vintage) ...
  2206 FoS rows for CT institutions
  Built 2206 Program models
Loading historical FieldOfStudyData files from /Users/richardwong/college-study-data/data/raw/scorecard_bulk/College_Scorecard_Raw_Data_05192025 ...
  2379 (unitid×cip×credlev) keys w/ history; FoS vintages [2014, 2015, 2016, 2017, 2018, 2019]
  Anomaly engine: 160 program-level flags
  Detected 0 programs with pooled-earnings (parent-OPEID rollup)
Publishing ...
  institutions: 46
  cities: 26
  programs: 2206
  files_written: 2279
  stale_deleted: 0
Wrote home.json + methodology.json + roi_constants.json
Wrote rankings.json (reporting_year=2024)
=== Done. Output: /Users/richardwong/college-study-data/data/published ===
========== DE ==========
Fri May  8 02:05:46 PDT 2026
  [api] median_debt: 183 cells
  [api] default_rate: 208 cells
  [api] pell_share: 218 cells
  [api] earnings_median_10yr: 60 cells
  [api] earnings_median_8yr: 67 cells
  [api] earnings_median_6yr: 75 cells
  api: 18 institutions w/ history; vintages with data: [2002, 2003, 2004, 2005, 2006, 2007, 2008, 2009, 2010, 2011, 2012, 2013, 2014, 2015, 2016, 2017, 2018, 2019, 2020, 2021, 2022, 2023, 2024]
  merged: 28 institutions; continuous vintage range 1996–2024 (29 years)
  Anomaly engine: 46 institution-level flags
Loading Scorecard FieldOfStudyData (current vintage) ...
  610 FoS rows for DE institutions
  Built 610 Program models
Loading historical FieldOfStudyData files from /Users/richardwong/college-study-data/data/raw/scorecard_bulk/College_Scorecard_Raw_Data_05192025 ...
  668 (unitid×cip×credlev) keys w/ history; FoS vintages [2014, 2015, 2016, 2017, 2018, 2019]
  Anomaly engine: 30 program-level flags
  Detected 0 programs with pooled-earnings (parent-OPEID rollup)
Publishing ...
  institutions: 15
  cities: 9
  programs: 610
  files_written: 635
  stale_deleted: 0
Wrote home.json + methodology.json + roi_constants.json
Wrote rankings.json (reporting_year=2024)
=== Done. Output: /Users/richardwong/college-study-data/data/published ===
========== DC ==========
Fri May  8 02:06:55 PDT 2026
  [api] median_debt: 246 cells
  [api] default_rate: 290 cells
  [api] pell_share: 253 cells
  [api] earnings_median_10yr: 88 cells
  [api] earnings_median_8yr: 103 cells
  [api] earnings_median_6yr: 114 cells
  api: 25 institutions w/ history; vintages with data: [2002, 2003, 2004, 2005, 2006, 2007, 2008, 2009, 2010, 2011, 2012, 2013, 2014, 2015, 2016, 2017, 2018, 2019, 2020, 2021, 2022, 2023, 2024]
  merged: 40 institutions; continuous vintage range 1996–2024 (29 years)
  Anomaly engine: 53 institution-level flags
Loading Scorecard FieldOfStudyData (current vintage) ...
  1276 FoS rows for DC institutions
  Built 1276 Program models
Loading historical FieldOfStudyData files from /Users/richardwong/college-study-data/data/raw/scorecard_bulk/College_Scorecard_Raw_Data_05192025 ...
  1400 (unitid×cip×credlev) keys w/ history; FoS vintages [2014, 2015, 2016, 2017, 2018, 2019]
  Anomaly engine: 158 program-level flags
  Detected 0 programs with pooled-earnings (parent-OPEID rollup)
Publishing ...
  institutions: 18
  cities: 1
  programs: 1276
  files_written: 1296
  stale_deleted: 0
Wrote home.json + methodology.json + roi_constants.json
Wrote rankings.json (reporting_year=2024)
=== Done. Output: /Users/richardwong/college-study-data/data/published ===
========== FL ==========
Fri May  8 02:08:16 PDT 2026
  [api] median_debt: 3304 cells
  [api] default_rate: 3594 cells
  [api] pell_share: 4350 cells
  [api] earnings_median_10yr: 1347 cells
  [api] earnings_median_8yr: 1550 cells
  [api] earnings_median_6yr: 1756 cells
  api: 374 institutions w/ history; vintages with data: [2002, 2003, 2004, 2005, 2006, 2007, 2008, 2009, 2010, 2011, 2012, 2013, 2014, 2015, 2016, 2017, 2018, 2019, 2020, 2021, 2022, 2023, 2024]
  merged: 641 institutions; continuous vintage range 1996–2024 (29 years)
  Anomaly engine: 782 institution-level flags
Loading Scorecard FieldOfStudyData (current vintage) ...
  7630 FoS rows for FL institutions
  Built 7630 Program models
Loading historical FieldOfStudyData files from /Users/richardwong/college-study-data/data/raw/scorecard_bulk/College_Scorecard_Raw_Data_05192025 ...
  8331 (unitid×cip×credlev) keys w/ history; FoS vintages [2014, 2015, 2016, 2017, 2018, 2019]
  Anomaly engine: 827 program-level flags
  Detected 0 programs with pooled-earnings (parent-OPEID rollup)
Publishing ...
  institutions: 265
  cities: 105
  programs: 7630
  files_written: 7998
  stale_deleted: 0
Wrote home.json + methodology.json + roi_constants.json
Wrote rankings.json (reporting_year=2024)
=== Done. Output: /Users/richardwong/college-study-data/data/published ===
========== GA ==========
Fri May  8 02:20:13 PDT 2026
  [api] median_debt: 1833 cells
  [api] default_rate: 1863 cells
  [api] pell_share: 2004 cells
  [api] earnings_median_10yr: 735 cells
  [api] earnings_median_8yr: 832 cells
  [api] earnings_median_6yr: 927 cells
  api: 161 institutions w/ history; vintages with data: [2002, 2003, 2004, 2005, 2006, 2007, 2008, 2009, 2010, 2011, 2012, 2013, 2014, 2015, 2016, 2017, 2018, 2019, 2020, 2021, 2022, 2023, 2024]
  merged: 294 institutions; continuous vintage range 1996–2024 (29 years)
  Anomaly engine: 367 institution-level flags
Loading Scorecard FieldOfStudyData (current vintage) ...
  5098 FoS rows for GA institutions
  Built 5098 Program models
Loading historical FieldOfStudyData files from /Users/richardwong/college-study-data/data/raw/scorecard_bulk/College_Scorecard_Raw_Data_05192025 ...
  5486 (unitid×cip×credlev) keys w/ history; FoS vintages [2014, 2015, 2016, 2017, 2018, 2019]
  Anomaly engine: 513 program-level flags
  Detected 0 programs with pooled-earnings (parent-OPEID rollup)
Publishing ...
  institutions: 114
  cities: 60
  programs: 5098
  files_written: 5273
  stale_deleted: 0
Wrote home.json + methodology.json + roi_constants.json
Wrote rankings.json (reporting_year=2024)
=== Done. Output: /Users/richardwong/college-study-data/data/published ===
========== HI ==========
Fri May  8 02:26:10 PDT 2026
  [api] median_debt: 280 cells
  [api] default_rate: 269 cells
  [api] pell_share: 310 cells
  [api] earnings_median_10yr: 111 cells
  [api] earnings_median_8yr: 126 cells
  [api] earnings_median_6yr: 138 cells
  api: 22 institutions w/ history; vintages with data: [2002, 2003, 2004, 2005, 2006, 2007, 2008, 2009, 2010, 2011, 2012, 2013, 2014, 2015, 2016, 2017, 2018, 2019, 2020, 2021, 2022, 2023, 2024]
  merged: 36 institutions; continuous vintage range 1996–2024 (29 years)
  Anomaly engine: 59 institution-level flags
Loading Scorecard FieldOfStudyData (current vintage) ...
  758 FoS rows for HI institutions
  Built 758 Program models
Loading historical FieldOfStudyData files from /Users/richardwong/college-study-data/data/raw/scorecard_bulk/College_Scorecard_Raw_Data_05192025 ...
  843 (unitid×cip×credlev) keys w/ history; FoS vintages [2014, 2015, 2016, 2017, 2018, 2019]
  Anomaly engine: 39 program-level flags
  Detected 0 programs with pooled-earnings (parent-OPEID rollup)
Publishing ...
  institutions: 20
  cities: 9
  programs: 758
  files_written: 788
  stale_deleted: 0
Wrote home.json + methodology.json + roi_constants.json
Wrote rankings.json (reporting_year=2024)
=== Done. Output: /Users/richardwong/college-study-data/data/published ===
========== ID ==========
Fri May  8 02:27:32 PDT 2026
  [api] median_debt: 388 cells
  [api] default_rate: 409 cells
  [api] pell_share: 470 cells
  [api] earnings_median_10yr: 114 cells
  [api] earnings_median_8yr: 130 cells
  [api] earnings_median_6yr: 141 cells
  api: 36 institutions w/ history; vintages with data: [2002, 2003, 2004, 2005, 2006, 2007, 2008, 2009, 2010, 2011, 2012, 2013, 2014, 2015, 2016, 2017, 2018, 2019, 2020, 2021, 2022, 2023, 2024]
  merged: 54 institutions; continuous vintage range 1996–2024 (29 years)
  Anomaly engine: 95 institution-level flags
Loading Scorecard FieldOfStudyData (current vintage) ...
  1434 FoS rows for ID institutions
  Built 1434 Program models
Loading historical FieldOfStudyData files from /Users/richardwong/college-study-data/data/raw/scorecard_bulk/College_Scorecard_Raw_Data_05192025 ...
  1569 (unitid×cip×credlev) keys w/ history; FoS vintages [2014, 2015, 2016, 2017, 2018, 2019]
  Anomaly engine: 129 program-level flags
  Detected 0 programs with pooled-earnings (parent-OPEID rollup)
Publishing ...
  institutions: 29
  cities: 14
  programs: 1434
  files_written: 1477
  stale_deleted: 0
Wrote home.json + methodology.json + roi_constants.json
Wrote rankings.json (reporting_year=2024)
=== Done. Output: /Users/richardwong/college-study-data/data/published ===
========== IL ==========
Fri May  8 02:29:08 PDT 2026
  [api] median_debt: 2789 cells
  [api] default_rate: 2869 cells
  [api] pell_share: 3154 cells
  [api] earnings_median_10yr: 1055 cells
  [api] earnings_median_8yr: 1217 cells
  [api] earnings_median_6yr: 1367 cells
  api: 237 institutions w/ history; vintages with data: [2002, 2003, 2004, 2005, 2006, 2007, 2008, 2009, 2010, 2011, 2012, 2013, 2014, 2015, 2016, 2017, 2018, 2019, 2020, 2021, 2022, 2023, 2024]
  merged: 410 institutions; continuous vintage range 1996–2024 (29 years)
  Anomaly engine: 596 institution-level flags
Loading Scorecard FieldOfStudyData (current vintage) ...
  8110 FoS rows for IL institutions
  Built 8110 Program models
Loading historical FieldOfStudyData files from /Users/richardwong/college-study-data/data/raw/scorecard_bulk/College_Scorecard_Raw_Data_05192025 ...
  8775 (unitid×cip×credlev) keys w/ history; FoS vintages [2014, 2015, 2016, 2017, 2018, 2019]
  Anomaly engine: 626 program-level flags
  Detected 0 programs with pooled-earnings (parent-OPEID rollup)
Publishing ...
  institutions: 209
  cities: 105
  programs: 8110
  files_written: 8425
  stale_deleted: 0
Wrote home.json + methodology.json + roi_constants.json
Wrote rankings.json (reporting_year=2024)
=== Done. Output: /Users/richardwong/college-study-data/data/published ===
========== IN ==========
Fri May  8 02:38:46 PDT 2026
  [api] median_debt: 1593 cells
  [api] default_rate: 1656 cells
  [api] pell_share: 1449 cells
  [api] earnings_median_10yr: 539 cells
  [api] earnings_median_8yr: 601 cells
  [api] earnings_median_6yr: 662 cells
  api: 147 institutions w/ history; vintages with data: [2002, 2003, 2004, 2005, 2006, 2007, 2008, 2009, 2010, 2011, 2012, 2013, 2014, 2015, 2016, 2017, 2018, 2019, 2020, 2021, 2022, 2023, 2024]
  merged: 252 institutions; continuous vintage range 1996–2024 (29 years)
  Anomaly engine: 266 institution-level flags
Loading Scorecard FieldOfStudyData (current vintage) ...
  4402 FoS rows for IN institutions
  Built 4402 Program models
Loading historical FieldOfStudyData files from /Users/richardwong/college-study-data/data/raw/scorecard_bulk/College_Scorecard_Raw_Data_05192025 ...
  4778 (unitid×cip×credlev) keys w/ history; FoS vintages [2014, 2015, 2016, 2017, 2018, 2019]
  Anomaly engine: 419 program-level flags
  Detected 0 programs with pooled-earnings (parent-OPEID rollup)
Publishing ...
  institutions: 87
  cities: 44
  programs: 4402
  files_written: 4534
  stale_deleted: 0
Wrote home.json + methodology.json + roi_constants.json
Wrote rankings.json (reporting_year=2024)
=== Done. Output: /Users/richardwong/college-study-data/data/published ===
========== IA ==========
Fri May  8 02:44:26 PDT 2026
  [api] median_debt: 1210 cells
  [api] default_rate: 1027 cells
  [api] pell_share: 1209 cells
  [api] earnings_median_10yr: 440 cells
  [api] earnings_median_8yr: 508 cells
  [api] earnings_median_6yr: 569 cells
  api: 75 institutions w/ history; vintages with data: [2002, 2003, 2004, 2005, 2006, 2007, 2008, 2009, 2010, 2011, 2012, 2013, 2014, 2015, 2016, 2017, 2018, 2019, 2020, 2021, 2022, 2023, 2024]
  merged: 116 institutions; continuous vintage range 1996–2024 (29 years)
  Anomaly engine: 247 institution-level flags
Loading Scorecard FieldOfStudyData (current vintage) ...
  3210 FoS rows for IA institutions
  Built 3210 Program models
Loading historical FieldOfStudyData files from /Users/richardwong/college-study-data/data/raw/scorecard_bulk/College_Scorecard_Raw_Data_05192025 ...
  3432 (unitid×cip×credlev) keys w/ history; FoS vintages [2014, 2015, 2016, 2017, 2018, 2019]
  Anomaly engine: 182 program-level flags
  Detected 0 programs with pooled-earnings (parent-OPEID rollup)
Publishing ...
  institutions: 73
  cities: 42
  programs: 3210
  files_written: 3326
  stale_deleted: 0
Wrote home.json + methodology.json + roi_constants.json
Wrote rankings.json (reporting_year=2024)
=== Done. Output: /Users/richardwong/college-study-data/data/published ===
========== KS ==========
Fri May  8 02:47:50 PDT 2026
  [api] median_debt: 1213 cells
  [api] default_rate: 1030 cells
  [api] pell_share: 1168 cells
  [api] earnings_median_10yr: 450 cells
  [api] earnings_median_8yr: 515 cells
  [api] earnings_median_6yr: 576 cells
  api: 80 institutions w/ history; vintages with data: [2002, 2003, 2004, 2005, 2006, 2007, 2008, 2009, 2010, 2011, 2012, 2013, 2014, 2015, 2016, 2017, 2018, 2019, 2020, 2021, 2022, 2023, 2024]
  merged: 125 institutions; continuous vintage range 1996–2024 (29 years)
  Anomaly engine: 218 institution-level flags
Loading Scorecard FieldOfStudyData (current vintage) ...
  3136 FoS rows for KS institutions
  Built 3136 Program models
Loading historical FieldOfStudyData files from /Users/richardwong/college-study-data/data/raw/scorecard_bulk/College_Scorecard_Raw_Data_05192025 ...
  3402 (unitid×cip×credlev) keys w/ history; FoS vintages [2014, 2015, 2016, 2017, 2018, 2019]
  Anomaly engine: 192 program-level flags
  Detected 0 programs with pooled-earnings (parent-OPEID rollup)
Publishing ...
  institutions: 68
  cities: 44
  programs: 3136
  files_written: 3249
  stale_deleted: 0
Wrote home.json + methodology.json + roi_constants.json
Wrote rankings.json (reporting_year=2024)
=== Done. Output: /Users/richardwong/college-study-data/data/published ===
========== KY ==========
Fri May  8 02:51:14 PDT 2026
  [api] median_debt: 1134 cells
  [api] default_rate: 1049 cells
  [api] pell_share: 1265 cells
  [api] earnings_median_10yr: 413 cells
  [api] earnings_median_8yr: 477 cells
  [api] earnings_median_6yr: 548 cells
  api: 89 institutions w/ history; vintages with data: [2002, 2003, 2004, 2005, 2006, 2007, 2008, 2009, 2010, 2011, 2012, 2013, 2014, 2015, 2016, 2017, 2018, 2019, 2020, 2021, 2022, 2023, 2024]
  merged: 197 institutions; continuous vintage range 1996–2024 (29 years)
  Anomaly engine: 244 institution-level flags
Loading Scorecard FieldOfStudyData (current vintage) ...
  3234 FoS rows for KY institutions
  Built 3234 Program models
Loading historical FieldOfStudyData files from /Users/richardwong/college-study-data/data/raw/scorecard_bulk/College_Scorecard_Raw_Data_05192025 ...
  3566 (unitid×cip×credlev) keys w/ history; FoS vintages [2014, 2015, 2016, 2017, 2018, 2019]
  Anomaly engine: 328 program-level flags
  Detected 0 programs with pooled-earnings (parent-OPEID rollup)
Publishing ...
  institutions: 74
  cities: 43
  programs: 3234
  files_written: 3352
  stale_deleted: 0
Wrote home.json + methodology.json + roi_constants.json
Wrote rankings.json (reporting_year=2024)
=== Done. Output: /Users/richardwong/college-study-data/data/published ===
========== LA ==========
Fri May  8 02:55:08 PDT 2026
  [api] median_debt: 1299 cells
  [api] default_rate: 1279 cells
  [api] pell_share: 1619 cells
  [api] earnings_median_10yr: 455 cells
  [api] earnings_median_8yr: 539 cells
  [api] earnings_median_6yr: 613 cells
  api: 116 institutions w/ history; vintages with data: [2002, 2003, 2004, 2005, 2006, 2007, 2008, 2009, 2010, 2011, 2012, 2013, 2014, 2015, 2016, 2017, 2018, 2019, 2020, 2021, 2022, 2023, 2024]
  merged: 221 institutions; continuous vintage range 1996–2024 (29 years)
  Anomaly engine: 290 institution-level flags
Loading Scorecard FieldOfStudyData (current vintage) ...
  2521 FoS rows for LA institutions
  Built 2521 Program models
Loading historical FieldOfStudyData files from /Users/richardwong/college-study-data/data/raw/scorecard_bulk/College_Scorecard_Raw_Data_05192025 ...
  2776 (unitid×cip×credlev) keys w/ history; FoS vintages [2014, 2015, 2016, 2017, 2018, 2019]
  Anomaly engine: 331 program-level flags
  Detected 0 programs with pooled-earnings (parent-OPEID rollup)
Publishing ...
  institutions: 89
  cities: 30
  programs: 2521
  files_written: 2641
  stale_deleted: 0
Wrote home.json + methodology.json + roi_constants.json
Wrote rankings.json (reporting_year=2024)
=== Done. Output: /Users/richardwong/college-study-data/data/published ===
========== ME ==========
Fri May  8 02:59:43 PDT 2026
  [api] median_debt: 541 cells
  [api] default_rate: 466 cells
  [api] pell_share: 518 cells
  [api] earnings_median_10yr: 192 cells
  [api] earnings_median_8yr: 222 cells
  [api] earnings_median_6yr: 247 cells
  api: 37 institutions w/ history; vintages with data: [2002, 2003, 2004, 2005, 2006, 2007, 2008, 2009, 2010, 2011, 2012, 2013, 2014, 2015, 2016, 2017, 2018, 2019, 2020, 2021, 2022, 2023, 2024]
  merged: 71 institutions; continuous vintage range 1996–2024 (29 years)
  Anomaly engine: 107 institution-level flags
Loading Scorecard FieldOfStudyData (current vintage) ...
  1335 FoS rows for ME institutions
  Built 1335 Program models
Loading historical FieldOfStudyData files from /Users/richardwong/college-study-data/data/raw/scorecard_bulk/College_Scorecard_Raw_Data_05192025 ...
  1469 (unitid×cip×credlev) keys w/ history; FoS vintages [2014, 2015, 2016, 2017, 2018, 2019]
  Anomaly engine: 88 program-level flags
  Detected 0 programs with pooled-earnings (parent-OPEID rollup)
Publishing ...
  institutions: 33
  cities: 24
  programs: 1335
  files_written: 1393
  stale_deleted: 0
Wrote home.json + methodology.json + roi_constants.json
Wrote rankings.json (reporting_year=2024)
=== Done. Output: /Users/richardwong/college-study-data/data/published ===
========== MD ==========
Fri May  8 03:01:47 PDT 2026
  [api] median_debt: 1070 cells
  [api] default_rate: 933 cells
  [api] pell_share: 1156 cells
  [api] earnings_median_10yr: 395 cells
  [api] earnings_median_8yr: 453 cells
  [api] earnings_median_6yr: 511 cells
  api: 78 institutions w/ history; vintages with data: [2002, 2003, 2004, 2005, 2006, 2007, 2008, 2009, 2010, 2011, 2012, 2013, 2014, 2015, 2016, 2017, 2018, 2019, 2020, 2021, 2022, 2023, 2024]
  merged: 154 institutions; continuous vintage range 1996–2024 (29 years)
  Anomaly engine: 206 institution-level flags
Loading Scorecard FieldOfStudyData (current vintage) ...
  3404 FoS rows for MD institutions
  Built 3404 Program models
Loading historical FieldOfStudyData files from /Users/richardwong/college-study-data/data/raw/scorecard_bulk/College_Scorecard_Raw_Data_05192025 ...
  3699 (unitid×cip×credlev) keys w/ history; FoS vintages [2014, 2015, 2016, 2017, 2018, 2019]
  Anomaly engine: 244 program-level flags
  Detected 0 programs with pooled-earnings (parent-OPEID rollup)
Publishing ...
  institutions: 66
  cities: 35
  programs: 3404
  files_written: 3505
  stale_deleted: 0
Wrote home.json + methodology.json + roi_constants.json
Wrote rankings.json (reporting_year=2024)
=== Done. Output: /Users/richardwong/college-study-data/data/published ===
========== MA ==========
Fri May  8 03:05:23 PDT 2026
    <meta name="robots" content="noindex,nofollow,noarchive" />
    <title>An Error Occurred: Internal Server Error</title>
    <st
  [api] earnings_median_10yr: 0 cells
  [api] earnings_median_8yr: 842 cells
  [api] earnings_median_6yr: 949 cells
  api: 145 institutions w/ history; vintages with data: [2002, 2003, 2004, 2005, 2006, 2007, 2008, 2009, 2010, 2011, 2012, 2013, 2014, 2015, 2016, 2017, 2018, 2019, 2020, 2021, 2022, 2023, 2024]
  merged: 259 institutions; continuous vintage range 1996–2024 (29 years)
  Anomaly engine: 395 institution-level flags
Loading Scorecard FieldOfStudyData (current vintage) ...
  6260 FoS rows for MA institutions
  Built 6260 Program models
Loading historical FieldOfStudyData files from /Users/richardwong/college-study-data/data/raw/scorecard_bulk/College_Scorecard_Raw_Data_05192025 ...
  6769 (unitid×cip×credlev) keys w/ history; FoS vintages [2014, 2015, 2016, 2017, 2018, 2019]
  Anomaly engine: 394 program-level flags
  Detected 0 programs with pooled-earnings (parent-OPEID rollup)
Publishing ...
  institutions: 131
  cities: 71
  programs: 6260
  files_written: 6463
  stale_deleted: 0
Wrote home.json + methodology.json + roi_constants.json
Wrote rankings.json (reporting_year=2024)
=== Done. Output: /Users/richardwong/college-study-data/data/published ===
========== MI ==========
Fri May  8 03:12:17 PDT 2026
  [api] median_debt: 2101 cells
  [api] default_rate: 2020 cells
  [api] pell_share: 2312 cells
  [api] earnings_median_10yr: 785 cells
  [api] earnings_median_8yr: 899 cells
  [api] earnings_median_6yr: 1005 cells
  api: 174 institutions w/ history; vintages with data: [2002, 2003, 2004, 2005, 2006, 2007, 2008, 2009, 2010, 2011, 2012, 2013, 2014, 2015, 2016, 2017, 2018, 2019, 2020, 2021, 2022, 2023, 2024]
  merged: 334 institutions; continuous vintage range 1996–2024 (29 years)
  Anomaly engine: 425 institution-level flags
Loading Scorecard FieldOfStudyData (current vintage) ...
  6809 FoS rows for MI institutions
  Built 6809 Program models
Loading historical FieldOfStudyData files from /Users/richardwong/college-study-data/data/raw/scorecard_bulk/College_Scorecard_Raw_Data_05192025 ...
  7462 (unitid×cip×credlev) keys w/ history; FoS vintages [2014, 2015, 2016, 2017, 2018, 2019]
  Anomaly engine: 515 program-level flags
  Detected 1 programs with pooled-earnings (parent-OPEID rollup)
Publishing ...
  institutions: 132
  cities: 74
  programs: 6809
  files_written: 7016
  stale_deleted: 0
Wrote home.json + methodology.json + roi_constants.json
Wrote rankings.json (reporting_year=2024)
=== Done. Output: /Users/richardwong/college-study-data/data/published ===
========== MN ==========
Fri May  8 03:19:07 PDT 2026
  [api] median_debt: 1480 cells
  [api] default_rate: 1349 cells
  [api] pell_share: 1373 cells
  [api] earnings_median_10yr: 596 cells
  [api] earnings_median_8yr: 680 cells
  [api] earnings_median_6yr: 757 cells
  api: 111 institutions w/ history; vintages with data: [2002, 2003, 2004, 2005, 2006, 2007, 2008, 2009, 2010, 2011, 2012, 2013, 2014, 2015, 2016, 2017, 2018, 2019, 2020, 2021, 2022, 2023, 2024]
  merged: 210 institutions; continuous vintage range 1996–2024 (29 years)
  Anomaly engine: 271 institution-level flags
Loading Scorecard FieldOfStudyData (current vintage) ...
  4926 FoS rows for MN institutions
  Built 4926 Program models
Loading historical FieldOfStudyData files from /Users/richardwong/college-study-data/data/raw/scorecard_bulk/College_Scorecard_Raw_Data_05192025 ...
  5329 (unitid×cip×credlev) keys w/ history; FoS vintages [2014, 2015, 2016, 2017, 2018, 2019]
  Anomaly engine: 414 program-level flags
  Detected 0 programs with pooled-earnings (parent-OPEID rollup)
Publishing ...
  institutions: 84
  cities: 48
  programs: 4926
  files_written: 5059
  stale_deleted: 0
Wrote home.json + methodology.json + roi_constants.json
Wrote rankings.json (reporting_year=2024)
=== Done. Output: /Users/richardwong/college-study-data/data/published ===
========== MS ==========
Fri May  8 03:24:00 PDT 2026
  [api] median_debt: 658 cells
  [api] default_rate: 625 cells
  [api] pell_share: 783 cells
  [api] earnings_median_10yr: 283 cells
  [api] earnings_median_8yr: 328 cells
  [api] earnings_median_6yr: 364 cells
  api: 56 institutions w/ history; vintages with data: [2002, 2003, 2004, 2005, 2006, 2007, 2008, 2009, 2010, 2011, 2012, 2013, 2014, 2015, 2016, 2017, 2018, 2019, 2020, 2021, 2022, 2023, 2024]
  merged: 96 institutions; continuous vintage range 1996–2024 (29 years)
  Anomaly engine: 146 institution-level flags
Loading Scorecard FieldOfStudyData (current vintage) ...
  2489 FoS rows for MS institutions
  Built 2489 Program models
Loading historical FieldOfStudyData files from /Users/richardwong/college-study-data/data/raw/scorecard_bulk/College_Scorecard_Raw_Data_05192025 ...
  2683 (unitid×cip×credlev) keys w/ history; FoS vintages [2014, 2015, 2016, 2017, 2018, 2019]
  Anomaly engine: 207 program-level flags
  Detected 0 programs with pooled-earnings (parent-OPEID rollup)
Publishing ...
  institutions: 46
  cities: 36
  programs: 2489
  files_written: 2572
  stale_deleted: 0
Wrote home.json + methodology.json + roi_constants.json
Wrote rankings.json (reporting_year=2024)
=== Done. Output: /Users/richardwong/college-study-data/data/published ===
========== MO ==========
Fri May  8 03:26:41 PDT 2026
  [api] median_debt: 1755 cells
  [api] default_rate: 1778 cells
  [api] pell_share: 1964 cells
  [api] earnings_median_10yr: 642 cells
  [api] earnings_median_8yr: 733 cells
  [api] earnings_median_6yr: 823 cells
  api: 148 institutions w/ history; vintages with data: [2002, 2003, 2004, 2005, 2006, 2007, 2008, 2009, 2010, 2011, 2012, 2013, 2014, 2015, 2016, 2017, 2018, 2019, 2020, 2021, 2022, 2023, 2024]
  merged: 296 institutions; continuous vintage range 1996–2024 (29 years)
  Anomaly engine: 423 institution-level flags
Loading Scorecard FieldOfStudyData (current vintage) ...
  4888 FoS rows for MO institutions
  Built 4888 Program models
Loading historical FieldOfStudyData files from /Users/richardwong/college-study-data/data/raw/scorecard_bulk/College_Scorecard_Raw_Data_05192025 ...
  5359 (unitid×cip×credlev) keys w/ history; FoS vintages [2014, 2015, 2016, 2017, 2018, 2019]
  Anomaly engine: 432 program-level flags
  Detected 0 programs with pooled-earnings (parent-OPEID rollup)
Publishing ...
  institutions: 128
  cities: 60
  programs: 4888
  files_written: 5077
  stale_deleted: 0
Wrote home.json + methodology.json + roi_constants.json
Wrote rankings.json (reporting_year=2024)
=== Done. Output: /Users/richardwong/college-study-data/data/published ===
========== MT ==========
Fri May  8 03:33:27 PDT 2026
  [api] median_debt: 303 cells
  [api] default_rate: 301 cells
  [api] pell_share: 436 cells
  [api] earnings_median_10yr: 162 cells
  [api] earnings_median_8yr: 185 cells
  [api] earnings_median_6yr: 207 cells
  api: 29 institutions w/ history; vintages with data: [2002, 2003, 2004, 2005, 2006, 2007, 2008, 2009, 2010, 2011, 2012, 2013, 2014, 2015, 2016, 2017, 2018, 2019, 2020, 2021, 2022, 2023, 2024]
  merged: 50 institutions; continuous vintage range 1996–2024 (29 years)
  Anomaly engine: 92 institution-level flags
Loading Scorecard FieldOfStudyData (current vintage) ...
  1135 FoS rows for MT institutions
  Built 1135 Program models
Loading historical FieldOfStudyData files from /Users/richardwong/college-study-data/data/raw/scorecard_bulk/College_Scorecard_Raw_Data_05192025 ...
  1272 (unitid×cip×credlev) keys w/ history; FoS vintages [2014, 2015, 2016, 2017, 2018, 2019]
  Anomaly engine: 54 program-level flags
  Detected 0 programs with pooled-earnings (parent-OPEID rollup)
Publishing ...
  institutions: 27
  cities: 18
  programs: 1135
  files_written: 1181
  stale_deleted: 0
Wrote home.json + methodology.json + roi_constants.json
Wrote rankings.json (reporting_year=2024)
=== Done. Output: /Users/richardwong/college-study-data/data/published ===
========== NE ==========
Fri May  8 03:35:22 PDT 2026
  [api] median_debt: 615 cells
  [api] default_rate: 506 cells
  [api] pell_share: 656 cells
  [api] earnings_median_10yr: 239 cells
  [api] earnings_median_8yr: 271 cells
  [api] earnings_median_6yr: 300 cells
  api: 41 institutions w/ history; vintages with data: [2002, 2003, 2004, 2005, 2006, 2007, 2008, 2009, 2010, 2011, 2012, 2013, 2014, 2015, 2016, 2017, 2018, 2019, 2020, 2021, 2022, 2023, 2024]
  merged: 70 institutions; continuous vintage range 1996–2024 (29 years)
  Anomaly engine: 116 institution-level flags
Loading Scorecard FieldOfStudyData (current vintage) ...
  1738 FoS rows for NE institutions
  Built 1738 Program models
Loading historical FieldOfStudyData files from /Users/richardwong/college-study-data/data/raw/scorecard_bulk/College_Scorecard_Raw_Data_05192025 ...
  1878 (unitid×cip×credlev) keys w/ history; FoS vintages [2014, 2015, 2016, 2017, 2018, 2019]
  Anomaly engine: 135 program-level flags
  Detected 0 programs with pooled-earnings (parent-OPEID rollup)
Publishing ...
  institutions: 37
  cities: 19
  programs: 1738
  files_written: 1795
  stale_deleted: 0
Wrote home.json + methodology.json + roi_constants.json
Wrote rankings.json (reporting_year=2024)
=== Done. Output: /Users/richardwong/college-study-data/data/published ===
========== NV ==========
Fri May  8 03:37:46 PDT 2026
  [api] median_debt: 412 cells
  [api] default_rate: 433 cells
  [api] pell_share: 480 cells
  [api] earnings_median_10yr: 120 cells
  [api] earnings_median_8yr: 140 cells
  [api] earnings_median_6yr: 158 cells
  api: 38 institutions w/ history; vintages with data: [2002, 2003, 2004, 2005, 2006, 2007, 2008, 2009, 2010, 2011, 2012, 2013, 2014, 2015, 2016, 2017, 2018, 2019, 2020, 2021, 2022, 2023, 2024]
  merged: 72 institutions; continuous vintage range 1996–2024 (29 years)
  Anomaly engine: 58 institution-level flags
Loading Scorecard FieldOfStudyData (current vintage) ...
  925 FoS rows for NV institutions
  Built 925 Program models
Loading historical FieldOfStudyData files from /Users/richardwong/college-study-data/data/raw/scorecard_bulk/College_Scorecard_Raw_Data_05192025 ...
  971 (unitid×cip×credlev) keys w/ history; FoS vintages [2014, 2015, 2016, 2017, 2018, 2019]
  Anomaly engine: 77 program-level flags
  Detected 0 programs with pooled-earnings (parent-OPEID rollup)
Publishing ...
  institutions: 20
  cities: 5
  programs: 925
  files_written: 951
  stale_deleted: 0
Wrote home.json + methodology.json + roi_constants.json
Wrote rankings.json (reporting_year=2024)
=== Done. Output: /Users/richardwong/college-study-data/data/published ===
========== NH ==========
Fri May  8 03:39:34 PDT 2026
  [api] median_debt: 475 cells
  [api] default_rate: 411 cells
  [api] pell_share: 450 cells
  [api] earnings_median_10yr: 158 cells
  [api] earnings_median_8yr: 187 cells
  [api] earnings_median_6yr: 216 cells
  api: 30 institutions w/ history; vintages with data: [2002, 2003, 2004, 2005, 2006, 2007, 2008, 2009, 2010, 2011, 2012, 2013, 2014, 2015, 2016, 2017, 2018, 2019, 2020, 2021, 2022, 2023, 2024]
  merged: 51 institutions; continuous vintage range 1996–2024 (29 years)
  Anomaly engine: 83 institution-level flags
Loading Scorecard FieldOfStudyData (current vintage) ...
  1295 FoS rows for NH institutions
  Built 1295 Program models
Loading historical FieldOfStudyData files from /Users/richardwong/college-study-data/data/raw/scorecard_bulk/College_Scorecard_Raw_Data_05192025 ...
  1387 (unitid×cip×credlev) keys w/ history; FoS vintages [2014, 2015, 2016, 2017, 2018, 2019]
  Anomaly engine: 102 program-level flags
  Detected 0 programs with pooled-earnings (parent-OPEID rollup)
Publishing ...
  institutions: 27
  cities: 19
  programs: 1295
  files_written: 1342
  stale_deleted: 0
Wrote home.json + methodology.json + roi_constants.json
Wrote rankings.json (reporting_year=2024)
=== Done. Output: /Users/richardwong/college-study-data/data/published ===
========== NJ ==========
Fri May  8 03:41:34 PDT 2026
    <meta charset="UTF-8" />
    <meta name="robots" content="noindex,nofollow,noarchive" />
    <title>An Error Occurred: Internal Server Error</title>
    <st
  [api] earnings_median_8yr: 0 cells
  [api] earnings_median_6yr: 791 cells
  api: 155 institutions w/ history; vintages with data: [2002, 2003, 2004, 2005, 2006, 2007, 2008, 2009, 2010, 2011, 2012, 2013, 2014, 2015, 2016, 2017, 2018, 2019, 2020, 2021, 2022, 2023, 2024]
  merged: 267 institutions; continuous vintage range 1996–2024 (29 years)
  Anomaly engine: 338 institution-level flags
Loading Scorecard FieldOfStudyData (current vintage) ...
  3751 FoS rows for NJ institutions
  Built 3751 Program models
Loading historical FieldOfStudyData files from /Users/richardwong/college-study-data/data/raw/scorecard_bulk/College_Scorecard_Raw_Data_05192025 ...
  3968 (unitid×cip×credlev) keys w/ history; FoS vintages [2014, 2015, 2016, 2017, 2018, 2019]
  Anomaly engine: 256 program-level flags
  Detected 0 programs with pooled-earnings (parent-OPEID rollup)
Publishing ...
  institutions: 120
  cities: 75
  programs: 3751
  files_written: 3947
  stale_deleted: 0
Wrote home.json + methodology.json + roi_constants.json
Wrote rankings.json (reporting_year=2024)
=== Done. Output: /Users/richardwong/college-study-data/data/published ===
========== NM ==========
Fri May  8 03:48:07 PDT 2026
  [api] median_debt: 586 cells
  [api] default_rate: 524 cells
  [api] pell_share: 644 cells
  [api] earnings_median_10yr: 236 cells
  [api] earnings_median_8yr: 270 cells
  [api] earnings_median_6yr: 306 cells
  api: 45 institutions w/ history; vintages with data: [2002, 2003, 2004, 2005, 2006, 2007, 2008, 2009, 2010, 2011, 2012, 2013, 2014, 2015, 2016, 2017, 2018, 2019, 2020, 2021, 2022, 2023, 2024]
  merged: 84 institutions; continuous vintage range 1996–2024 (29 years)
  Anomaly engine: 105 institution-level flags
Loading Scorecard FieldOfStudyData (current vintage) ...
  1631 FoS rows for NM institutions
  Built 1631 Program models
Loading historical FieldOfStudyData files from /Users/richardwong/college-study-data/data/raw/scorecard_bulk/College_Scorecard_Raw_Data_05192025 ...
  1965 (unitid×cip×credlev) keys w/ history; FoS vintages [2014, 2015, 2016, 2017, 2018, 2019]
  Anomaly engine: 113 program-level flags
  Detected 12 programs with pooled-earnings (parent-OPEID rollup)
Publishing ...
  institutions: 31
  cities: 16
  programs: 1631
  files_written: 1678
  stale_deleted: 0
Wrote home.json + methodology.json + roi_constants.json
Wrote rankings.json (reporting_year=2024)
=== Done. Output: /Users/richardwong/college-study-data/data/published ===
========== NY ==========
Fri May  8 03:50:29 PDT 2026
    <meta charset="UTF-8" />
    <meta name="robots" content="noindex,nofollow,noarchive" />
    <title>An Error Occurred: Internal Server Error</title>
    <st
  [api] earnings_median_8yr: 679 cells
  [api] earnings_median_6yr: 2346 cells
  api: 420 institutions w/ history; vintages with data: [2002, 2003, 2004, 2005, 2006, 2007, 2008, 2009, 2010, 2011, 2012, 2013, 2014, 2015, 2016, 2017, 2018, 2019, 2020, 2021, 2022, 2023, 2024]
  merged: 674 institutions; continuous vintage range 1996–2024 (29 years)
  Anomaly engine: 1172 institution-level flags
Loading Scorecard FieldOfStudyData (current vintage) ...
  12861 FoS rows for NY institutions
  Built 12861 Program models
Loading historical FieldOfStudyData files from /Users/richardwong/college-study-data/data/raw/scorecard_bulk/College_Scorecard_Raw_Data_05192025 ...
  13843 (unitid×cip×credlev) keys w/ history; FoS vintages [2014, 2015, 2016, 2017, 2018, 2019]
  Anomaly engine: 1105 program-level flags
  Detected 1 programs with pooled-earnings (parent-OPEID rollup)
Publishing ...
  institutions: 384
  cities: 144
  programs: 12861
  files_written: 13389
  stale_deleted: 0
Wrote home.json + methodology.json + roi_constants.json
Wrote rankings.json (reporting_year=2024)
=== Done. Output: /Users/richardwong/college-study-data/data/published ===
========== NC ==========
Fri May  8 04:09:54 PDT 2026
    <title>An Error Occurred: Internal Server Error</title>
    <st
  [api] pell_share: 0 cells
  [api] earnings_median_10yr: 896 cells
  [api] earnings_median_8yr: 1023 cells
  [api] earnings_median_6yr: 1146 cells
  api: 168 institutions w/ history; vintages with data: [2002, 2003, 2004, 2005, 2006, 2007, 2008, 2009, 2010, 2011, 2012, 2013, 2014, 2015, 2016, 2017, 2018, 2019, 2020, 2021, 2022, 2023, 2024]
  merged: 247 institutions; continuous vintage range 1996–2024 (29 years)
  Anomaly engine: 460 institution-level flags
Loading Scorecard FieldOfStudyData (current vintage) ...
  6999 FoS rows for NC institutions
  Built 6999 Program models
Loading historical FieldOfStudyData files from /Users/richardwong/college-study-data/data/raw/scorecard_bulk/College_Scorecard_Raw_Data_05192025 ...
  7756 (unitid×cip×credlev) keys w/ history; FoS vintages [2014, 2015, 2016, 2017, 2018, 2019]
  Anomaly engine: 500 program-level flags
  Detected 0 programs with pooled-earnings (parent-OPEID rollup)
Publishing ...
  institutions: 142
  cities: 90
  programs: 6999
  files_written: 7231
  stale_deleted: 0
Wrote home.json + methodology.json + roi_constants.json
Wrote rankings.json (reporting_year=2024)
=== Done. Output: /Users/richardwong/college-study-data/data/published ===
========== ND ==========
Fri May  8 04:17:23 PDT 2026
  [api] median_debt: 347 cells
  [api] default_rate: 302 cells
  [api] pell_share: 419 cells
  [api] earnings_median_10yr: 150 cells
  [api] earnings_median_8yr: 173 cells
  [api] earnings_median_6yr: 196 cells
  api: 26 institutions w/ history; vintages with data: [2002, 2003, 2004, 2005, 2006, 2007, 2008, 2009, 2010, 2011, 2012, 2013, 2014, 2015, 2016, 2017, 2018, 2019, 2020, 2021, 2022, 2023, 2024]
  merged: 38 institutions; continuous vintage range 1996–2024 (29 years)
  Anomaly engine: 70 institution-level flags
Loading Scorecard FieldOfStudyData (current vintage) ...
  1189 FoS rows for ND institutions
  Built 1189 Program models
Loading historical FieldOfStudyData files from /Users/richardwong/college-study-data/data/raw/scorecard_bulk/College_Scorecard_Raw_Data_05192025 ...
  1304 (unitid×cip×credlev) keys w/ history; FoS vintages [2014, 2015, 2016, 2017, 2018, 2019]
  Anomaly engine: 49 program-level flags
  Detected 0 programs with pooled-earnings (parent-OPEID rollup)
Publishing ...
  institutions: 23
  cities: 17
  programs: 1189
  files_written: 1230
  stale_deleted: 0
Wrote home.json + methodology.json + roi_constants.json
Wrote rankings.json (reporting_year=2024)
=== Done. Output: /Users/richardwong/college-study-data/data/published ===
========== OH ==========
Fri May  8 04:19:20 PDT 2026
  [api] median_debt: 3674 cells
  [api] default_rate: 3393 cells
  [api] pell_share: 4124 cells
  [api] earnings_median_10yr: 1312 cells
  [api] earnings_median_8yr: 1515 cells
  [api] earnings_median_6yr: 1725 cells
  api: 281 institutions w/ history; vintages with data: [2002, 2003, 2004, 2005, 2006, 2007, 2008, 2009, 2010, 2011, 2012, 2013, 2014, 2015, 2016, 2017, 2018, 2019, 2020, 2021, 2022, 2023, 2024]
  merged: 466 institutions; continuous vintage range 1996–2024 (29 years)
  Anomaly engine: 698 institution-level flags
Loading Scorecard FieldOfStudyData (current vintage) ...
  8627 FoS rows for OH institutions
  Built 8627 Program models
Loading historical FieldOfStudyData files from /Users/richardwong/college-study-data/data/raw/scorecard_bulk/College_Scorecard_Raw_Data_05192025 ...
  9440 (unitid×cip×credlev) keys w/ history; FoS vintages [2014, 2015, 2016, 2017, 2018, 2019]
  Anomaly engine: 634 program-level flags
  Detected 0 programs with pooled-earnings (parent-OPEID rollup)
Publishing ...
  institutions: 218
  cities: 117
  programs: 8627
  files_written: 8962
  stale_deleted: 0
Wrote home.json + methodology.json + roi_constants.json
Wrote rankings.json (reporting_year=2024)
=== Done. Output: /Users/richardwong/college-study-data/data/published ===
========== OK ==========
Fri May  8 04:30:51 PDT 2026
  [api] median_debt: 971 cells
  [api] default_rate: 942 cells
  [api] pell_share: 1478 cells
  [api] earnings_median_10yr: 505 cells
  [api] earnings_median_8yr: 567 cells
  [api] earnings_median_6yr: 638 cells
  api: 103 institutions w/ history; vintages with data: [2002, 2003, 2004, 2005, 2006, 2007, 2008, 2009, 2010, 2011, 2012, 2013, 2014, 2015, 2016, 2017, 2018, 2019, 2020, 2021, 2022, 2023, 2024]
  merged: 199 institutions; continuous vintage range 1996–2024 (29 years)
  Anomaly engine: 276 institution-level flags
Loading Scorecard FieldOfStudyData (current vintage) ...
  3347 FoS rows for OK institutions
  Built 3347 Program models
Loading historical FieldOfStudyData files from /Users/richardwong/college-study-data/data/raw/scorecard_bulk/College_Scorecard_Raw_Data_05192025 ...
  3772 (unitid×cip×credlev) keys w/ history; FoS vintages [2014, 2015, 2016, 2017, 2018, 2019]
  Anomaly engine: 185 program-level flags
  Detected 0 programs with pooled-earnings (parent-OPEID rollup)
Publishing ...
  institutions: 92
  cities: 47
  programs: 3347
  files_written: 3487
  stale_deleted: 0
Wrote home.json + methodology.json + roi_constants.json
Wrote rankings.json (reporting_year=2024)
=== Done. Output: /Users/richardwong/college-study-data/data/published ===
========== OR ==========
Fri May  8 04:35:33 PDT 2026
  [api] median_debt: 1013 cells
  [api] default_rate: 902 cells
  [api] pell_share: 1073 cells
  [api] earnings_median_10yr: 363 cells
  [api] earnings_median_8yr: 416 cells
  [api] earnings_median_6yr: 469 cells
  api: 71 institutions w/ history; vintages with data: [2002, 2003, 2004, 2005, 2006, 2007, 2008, 2009, 2010, 2011, 2012, 2013, 2014, 2015, 2016, 2017, 2018, 2019, 2020, 2021, 2022, 2023, 2024]
  merged: 117 institutions; continuous vintage range 1996–2024 (29 years)
  Anomaly engine: 223 institution-level flags
Loading Scorecard FieldOfStudyData (current vintage) ...
  2865 FoS rows for OR institutions
  Built 2865 Program models
Loading historical FieldOfStudyData files from /Users/richardwong/college-study-data/data/raw/scorecard_bulk/College_Scorecard_Raw_Data_05192025 ...
  3170 (unitid×cip×credlev) keys w/ history; FoS vintages [2014, 2015, 2016, 2017, 2018, 2019]
  Anomaly engine: 216 program-level flags
  Detected 0 programs with pooled-earnings (parent-OPEID rollup)
Publishing ...
  institutions: 65
  cities: 28
  programs: 2865
  files_written: 2959
  stale_deleted: 0
Wrote home.json + methodology.json + roi_constants.json
Wrote rankings.json (reporting_year=2024)
=== Done. Output: /Users/richardwong/college-study-data/data/published ===
========== PA ==========
Fri May  8 04:38:47 PDT 2026
  [api] median_debt: 4613 cells
  [api] default_rate: 4002 cells
  [api] pell_share: 4471 cells
  [api] earnings_median_10yr: 1634 cells
  [api] earnings_median_8yr: 1871 cells
  [api] earnings_median_6yr: 2099 cells
  api: 320 institutions w/ history; vintages with data: [2002, 2003, 2004, 2005, 2006, 2007, 2008, 2009, 2010, 2011, 2012, 2013, 2014, 2015, 2016, 2017, 2018, 2019, 2020, 2021, 2022, 2023, 2024]
  merged: 604 institutions; continuous vintage range 1996–2024 (29 years)
  Anomaly engine: 827 institution-level flags
Loading Scorecard FieldOfStudyData (current vintage) ...
  9791 FoS rows for PA institutions
  Built 9791 Program models
Loading historical FieldOfStudyData files from /Users/richardwong/college-study-data/data/raw/scorecard_bulk/College_Scorecard_Raw_Data_05192025 ...
  11185 (unitid×cip×credlev) keys w/ history; FoS vintages [2014, 2015, 2016, 2017, 2018, 2019]
  Anomaly engine: 624 program-level flags
  Detected 1 programs with pooled-earnings (parent-OPEID rollup)
Publishing ...
  institutions: 256
  cities: 137
  programs: 9791
  files_written: 10184
  stale_deleted: 0
Wrote home.json + methodology.json + roi_constants.json
Wrote rankings.json (reporting_year=2024)
=== Done. Output: /Users/richardwong/college-study-data/data/published ===
========== RI ==========
Fri May  8 04:52:00 PDT 2026
  [api] median_debt: 339 cells
  [api] default_rate: 299 cells
  [api] pell_share: 321 cells
  [api] earnings_median_10yr: 122 cells
  [api] earnings_median_8yr: 139 cells
  [api] earnings_median_6yr: 156 cells
  api: 23 institutions w/ history; vintages with data: [2002, 2003, 2004, 2005, 2006, 2007, 2008, 2009, 2010, 2011, 2012, 2013, 2014, 2015, 2016, 2017, 2018, 2019, 2020, 2021, 2022, 2023, 2024]
  merged: 40 institutions; continuous vintage range 1996–2024 (29 years)
  Anomaly engine: 46 institution-level flags
Loading Scorecard FieldOfStudyData (current vintage) ...
  1042 FoS rows for RI institutions
  Built 1042 Program models
Loading historical FieldOfStudyData files from /Users/richardwong/college-study-data/data/raw/scorecard_bulk/College_Scorecard_Raw_Data_05192025 ...
  1131 (unitid×cip×credlev) keys w/ history; FoS vintages [2014, 2015, 2016, 2017, 2018, 2019]
  Anomaly engine: 66 program-level flags
  Detected 0 programs with pooled-earnings (parent-OPEID rollup)
Publishing ...
  institutions: 15
  cities: 9
  programs: 1042
  files_written: 1067
  stale_deleted: 0
Wrote home.json + methodology.json + roi_constants.json
Wrote rankings.json (reporting_year=2024)
=== Done. Output: /Users/richardwong/college-study-data/data/published ===
========== SC ==========
Fri May  8 04:53:57 PDT 2026
  [api] median_debt: 1267 cells
  [api] default_rate: 1146 cells
  [api] pell_share: 1345 cells
  [api] earnings_median_10yr: 474 cells
  [api] earnings_median_8yr: 547 cells
  [api] earnings_median_6yr: 615 cells
  api: 92 institutions w/ history; vintages with data: [2002, 2003, 2004, 2005, 2006, 2007, 2008, 2009, 2010, 2011, 2012, 2013, 2014, 2015, 2016, 2017, 2018, 2019, 2020, 2021, 2022, 2023, 2024]
  merged: 143 institutions; continuous vintage range 1996–2024 (29 years)
  Anomaly engine: 228 institution-level flags
Loading Scorecard FieldOfStudyData (current vintage) ...
  2909 FoS rows for SC institutions
  Built 2909 Program models
Loading historical FieldOfStudyData files from /Users/richardwong/college-study-data/data/raw/scorecard_bulk/College_Scorecard_Raw_Data_05192025 ...
  3034 (unitid×cip×credlev) keys w/ history; FoS vintages [2014, 2015, 2016, 2017, 2018, 2019]
  Anomaly engine: 255 program-level flags
  Detected 0 programs with pooled-earnings (parent-OPEID rollup)
Publishing ...
  institutions: 75
  cities: 38
  programs: 2909
  files_written: 3023
  stale_deleted: 0
Wrote home.json + methodology.json + roi_constants.json
Wrote rankings.json (reporting_year=2024)
=== Done. Output: /Users/richardwong/college-study-data/data/published ===
========== SD ==========
Fri May  8 04:58:26 PDT 2026
  [api] median_debt: 340 cells
  [api] default_rate: 292 cells
  [api] pell_share: 400 cells
  [api] earnings_median_10yr: 141 cells
  [api] earnings_median_8yr: 163 cells
  [api] earnings_median_6yr: 184 cells
  api: 25 institutions w/ history; vintages with data: [2002, 2003, 2004, 2005, 2006, 2007, 2008, 2009, 2010, 2011, 2012, 2013, 2014, 2015, 2016, 2017, 2018, 2019, 2020, 2021, 2022, 2023, 2024]
  merged: 37 institutions; continuous vintage range 1996–2024 (29 years)
  Anomaly engine: 71 institution-level flags
Loading Scorecard FieldOfStudyData (current vintage) ...
  1185 FoS rows for SD institutions
  Built 1185 Program models
Loading historical FieldOfStudyData files from /Users/richardwong/college-study-data/data/raw/scorecard_bulk/College_Scorecard_Raw_Data_05192025 ...
  1304 (unitid×cip×credlev) keys w/ history; FoS vintages [2014, 2015, 2016, 2017, 2018, 2019]
  Anomaly engine: 62 program-level flags
  Detected 0 programs with pooled-earnings (parent-OPEID rollup)
Publishing ...
  institutions: 26
  cities: 13
  programs: 1185
  files_written: 1225
  stale_deleted: 0
Wrote home.json + methodology.json + roi_constants.json
Wrote rankings.json (reporting_year=2024)
=== Done. Output: /Users/richardwong/college-study-data/data/published ===
========== TN ==========
Fri May  8 05:00:29 PDT 2026
  [api] median_debt: 1395 cells
  [api] default_rate: 1482 cells
  [api] pell_share: 2009 cells
  [api] earnings_median_10yr: 661 cells
  [api] earnings_median_8yr: 756 cells
  [api] earnings_median_6yr: 860 cells
  api: 148 institutions w/ history; vintages with data: [2002, 2003, 2004, 2005, 2006, 2007, 2008, 2009, 2010, 2011, 2012, 2013, 2014, 2015, 2016, 2017, 2018, 2019, 2020, 2021, 2022, 2023, 2024]
  merged: 249 institutions; continuous vintage range 1996–2024 (29 years)
  Anomaly engine: 366 institution-level flags
Loading Scorecard FieldOfStudyData (current vintage) ...
  4076 FoS rows for TN institutions
  Built 4076 Program models
Loading historical FieldOfStudyData files from /Users/richardwong/college-study-data/data/raw/scorecard_bulk/College_Scorecard_Raw_Data_05192025 ...
  4326 (unitid×cip×credlev) keys w/ history; FoS vintages [2014, 2015, 2016, 2017, 2018, 2019]
  Anomaly engine: 371 program-level flags
  Detected 1 programs with pooled-earnings (parent-OPEID rollup)
Publishing ...
  institutions: 126
  cities: 57
  programs: 4076
  files_written: 4260
  stale_deleted: 0
Wrote home.json + methodology.json + roi_constants.json
Wrote rankings.json (reporting_year=2024)
=== Done. Output: /Users/richardwong/college-study-data/data/published ===
========== TX ==========
Fri May  8 05:07:18 PDT 2026
    <st
  [api] default_rate: 0 cells
  [api] pell_share: 5256 cells
  [api] earnings_median_10yr: 1728 cells
  [api] earnings_median_8yr: 1965 cells
  [api] earnings_median_6yr: 2190 cells
  api: 406 institutions w/ history; vintages with data: [2002, 2003, 2004, 2005, 2006, 2007, 2008, 2009, 2010, 2011, 2012, 2013, 2014, 2015, 2016, 2017, 2018, 2019, 2020, 2021, 2022, 2023, 2024]
  merged: 702 institutions; continuous vintage range 1996–2024 (29 years)
  Anomaly engine: 757 institution-level flags
Loading Scorecard FieldOfStudyData (current vintage) ...
  11406 FoS rows for TX institutions
  Built 11406 Program models
Loading historical FieldOfStudyData files from /Users/richardwong/college-study-data/data/raw/scorecard_bulk/College_Scorecard_Raw_Data_05192025 ...
  12281 (unitid×cip×credlev) keys w/ history; FoS vintages [2014, 2015, 2016, 2017, 2018, 2019]
  Anomaly engine: 993 program-level flags
  Detected 4 programs with pooled-earnings (parent-OPEID rollup)
Publishing ...
  institutions: 298
  cities: 115
  programs: 11406
  files_written: 11819
  stale_deleted: 0
Wrote home.json + methodology.json + roi_constants.json
Wrote rankings.json (reporting_year=2024)
=== Done. Output: /Users/richardwong/college-study-data/data/published ===
========== UT ==========
Fri May  8 05:21:08 PDT 2026
  [api] median_debt: 548 cells
  [api] default_rate: 668 cells
  [api] pell_share: 873 cells
  [api] earnings_median_10yr: 187 cells
  [api] earnings_median_8yr: 218 cells
  [api] earnings_median_6yr: 245 cells
  api: 63 institutions w/ history; vintages with data: [2002, 2003, 2004, 2005, 2006, 2007, 2008, 2009, 2010, 2011, 2012, 2013, 2014, 2015, 2016, 2017, 2018, 2019, 2020, 2021, 2022, 2023, 2024]
  merged: 106 institutions; continuous vintage range 1996–2024 (29 years)
  Anomaly engine: 147 institution-level flags
Loading Scorecard FieldOfStudyData (current vintage) ...
  2129 FoS rows for UT institutions
  Built 2129 Program models
Loading historical FieldOfStudyData files from /Users/richardwong/college-study-data/data/raw/scorecard_bulk/College_Scorecard_Raw_Data_05192025 ...
  2284 (unitid×cip×credlev) keys w/ history; FoS vintages [2014, 2015, 2016, 2017, 2018, 2019]
  Anomaly engine: 224 program-level flags
  Detected 0 programs with pooled-earnings (parent-OPEID rollup)
Publishing ...
  institutions: 52
  cities: 26
  programs: 2129
  files_written: 2208
  stale_deleted: 0
Wrote home.json + methodology.json + roi_constants.json
Wrote rankings.json (reporting_year=2024)
=== Done. Output: /Users/richardwong/college-study-data/data/published ===
========== VT ==========
Fri May  8 05:24:17 PDT 2026
  [api] median_debt: 199 cells
  [api] default_rate: 210 cells
  [api] pell_share: 203 cells
  [api] earnings_median_10yr: 77 cells
  [api] earnings_median_8yr: 90 cells
  [api] earnings_median_6yr: 99 cells
  api: 15 institutions w/ history; vintages with data: [2002, 2003, 2004, 2005, 2006, 2007, 2008, 2009, 2010, 2011, 2012, 2013, 2014, 2015, 2016, 2017, 2018, 2019, 2020, 2021, 2022, 2023, 2024]
  merged: 38 institutions; continuous vintage range 1996–2024 (29 years)
  Anomaly engine: 47 institution-level flags
Loading Scorecard FieldOfStudyData (current vintage) ...
  740 FoS rows for VT institutions
  Built 740 Program models
Loading historical FieldOfStudyData files from /Users/richardwong/college-study-data/data/raw/scorecard_bulk/College_Scorecard_Raw_Data_05192025 ...
  781 (unitid×cip×credlev) keys w/ history; FoS vintages [2014, 2015, 2016, 2017, 2018, 2019]
  Anomaly engine: 53 program-level flags
  Detected 0 programs with pooled-earnings (parent-OPEID rollup)
Publishing ...
  institutions: 16
  cities: 14
  programs: 740
  files_written: 771
  stale_deleted: 0
Wrote home.json + methodology.json + roi_constants.json
Wrote rankings.json (reporting_year=2024)
=== Done. Output: /Users/richardwong/college-study-data/data/published ===
========== VA ==========
Fri May  8 05:25:58 PDT 2026
    <meta charset="UTF-8" />
    <meta name="robots" content="noindex,nofollow,noarchive" />
    <title>An Error Occurred: Internal Server Error</title>
    <st
  [api] earnings_median_8yr: 0 cells
  [api] earnings_median_6yr: 879 cells
  api: 158 institutions w/ history; vintages with data: [2002, 2003, 2004, 2005, 2006, 2007, 2008, 2009, 2010, 2011, 2012, 2013, 2014, 2015, 2016, 2017, 2018, 2019, 2020, 2021, 2022, 2023, 2024]
  merged: 282 institutions; continuous vintage range 1996–2024 (29 years)
  Anomaly engine: 336 institution-level flags
Loading Scorecard FieldOfStudyData (current vintage) ...
  4571 FoS rows for VA institutions
  Built 4571 Program models
Loading historical FieldOfStudyData files from /Users/richardwong/college-study-data/data/raw/scorecard_bulk/College_Scorecard_Raw_Data_05192025 ...
  4790 (unitid×cip×credlev) keys w/ history; FoS vintages [2014, 2015, 2016, 2017, 2018, 2019]
  Anomaly engine: 403 program-level flags
  Detected 0 programs with pooled-earnings (parent-OPEID rollup)
Publishing ...
  institutions: 119
  cities: 65
  programs: 4571
  files_written: 4754
  stale_deleted: 0
Wrote home.json + methodology.json + roi_constants.json
Wrote rankings.json (reporting_year=2024)
=== Done. Output: /Users/richardwong/college-study-data/data/published ===
========== WA ==========
Fri May  8 05:33:17 PDT 2026
  [api] median_debt: 1356 cells
  [api] default_rate: 1240 cells
  [api] pell_share: 1401 cells
  [api] earnings_median_10yr: 504 cells
  [api] earnings_median_8yr: 578 cells
  [api] earnings_median_6yr: 650 cells
  api: 102 institutions w/ history; vintages with data: [2002, 2003, 2004, 2005, 2006, 2007, 2008, 2009, 2010, 2011, 2012, 2013, 2014, 2015, 2016, 2017, 2018, 2019, 2020, 2021, 2022, 2023, 2024]
  merged: 185 institutions; continuous vintage range 1996–2024 (29 years)
  Anomaly engine: 285 institution-level flags
Loading Scorecard FieldOfStudyData (current vintage) ...
  4039 FoS rows for WA institutions
  Built 4039 Program models
Loading historical FieldOfStudyData files from /Users/richardwong/college-study-data/data/raw/scorecard_bulk/College_Scorecard_Raw_Data_05192025 ...
  4350 (unitid×cip×credlev) keys w/ history; FoS vintages [2014, 2015, 2016, 2017, 2018, 2019]
  Anomaly engine: 257 program-level flags
  Detected 0 programs with pooled-earnings (parent-OPEID rollup)
Publishing ...
  institutions: 86
  cities: 41
  programs: 4039
  files_written: 4167
  stale_deleted: 0
Wrote home.json + methodology.json + roi_constants.json
Wrote rankings.json (reporting_year=2024)
=== Done. Output: /Users/richardwong/college-study-data/data/published ===
========== WV ==========
Fri May  8 05:38:43 PDT 2026
  [api] median_debt: 699 cells
  [api] default_rate: 673 cells
  [api] pell_share: 1056 cells
  [api] earnings_median_10yr: 301 cells
  [api] earnings_median_8yr: 346 cells
  [api] earnings_median_6yr: 389 cells
  api: 68 institutions w/ history; vintages with data: [2002, 2003, 2004, 2005, 2006, 2007, 2008, 2009, 2010, 2011, 2012, 2013, 2014, 2015, 2016, 2017, 2018, 2019, 2020, 2021, 2022, 2023, 2024]
  merged: 103 institutions; continuous vintage range 1996–2024 (29 years)
  Anomaly engine: 197 institution-level flags
Loading Scorecard FieldOfStudyData (current vintage) ...
  1725 FoS rows for WV institutions
  Built 1725 Program models
Loading historical FieldOfStudyData files from /Users/richardwong/college-study-data/data/raw/scorecard_bulk/College_Scorecard_Raw_Data_05192025 ...
  1893 (unitid×cip×credlev) keys w/ history; FoS vintages [2014, 2015, 2016, 2017, 2018, 2019]
  Anomaly engine: 162 program-level flags
  Detected 0 programs with pooled-earnings (parent-OPEID rollup)
Publishing ...
  institutions: 62
  cities: 39
  programs: 1725
  files_written: 1827
  stale_deleted: 0
Wrote home.json + methodology.json + roi_constants.json
Wrote rankings.json (reporting_year=2024)
=== Done. Output: /Users/richardwong/college-study-data/data/published ===
========== WI ==========
Fri May  8 05:42:39 PDT 2026
  [api] median_debt: 1205 cells
  [api] default_rate: 1123 cells
  [api] pell_share: 1259 cells
  [api] earnings_median_10yr: 452 cells
  [api] earnings_median_8yr: 510 cells
  [api] earnings_median_6yr: 569 cells
  api: 88 institutions w/ history; vintages with data: [2002, 2003, 2004, 2005, 2006, 2007, 2008, 2009, 2010, 2011, 2012, 2013, 2014, 2015, 2016, 2017, 2018, 2019, 2020, 2021, 2022, 2023, 2024]
  merged: 144 institutions; continuous vintage range 1996–2024 (29 years)
  Anomaly engine: 215 institution-level flags
Loading Scorecard FieldOfStudyData (current vintage) ...
  4210 FoS rows for WI institutions
  Built 4210 Program models
Loading historical FieldOfStudyData files from /Users/richardwong/college-study-data/data/raw/scorecard_bulk/College_Scorecard_Raw_Data_05192025 ...
  4452 (unitid×cip×credlev) keys w/ history; FoS vintages [2014, 2015, 2016, 2017, 2018, 2019]
  Anomaly engine: 310 program-level flags
  Detected 1 programs with pooled-earnings (parent-OPEID rollup)
Publishing ...
  institutions: 72
  cities: 42
  programs: 4210
  files_written: 4324
  stale_deleted: 0
Wrote home.json + methodology.json + roi_constants.json
Wrote rankings.json (reporting_year=2024)
=== Done. Output: /Users/richardwong/college-study-data/data/published ===
========== WY ==========
Fri May  8 05:47:28 PDT 2026
  [api] median_debt: 183 cells
  [api] default_rate: 140 cells
  [api] pell_share: 170 cells
  [api] earnings_median_10yr: 70 cells
  [api] earnings_median_8yr: 80 cells
  [api] earnings_median_6yr: 90 cells
  api: 10 institutions w/ history; vintages with data: [2002, 2003, 2004, 2005, 2006, 2007, 2008, 2009, 2010, 2011, 2012, 2013, 2014, 2015, 2016, 2017, 2018, 2019, 2020, 2021, 2022, 2023, 2024]
  merged: 16 institutions; continuous vintage range 1996–2024 (29 years)
  Anomaly engine: 28 institution-level flags
Loading Scorecard FieldOfStudyData (current vintage) ...
  744 FoS rows for WY institutions
  Built 744 Program models
Loading historical FieldOfStudyData files from /Users/richardwong/college-study-data/data/raw/scorecard_bulk/College_Scorecard_Raw_Data_05192025 ...
  800 (unitid×cip×credlev) keys w/ history; FoS vintages [2014, 2015, 2016, 2017, 2018, 2019]
  Anomaly engine: 31 program-level flags
  Detected 0 programs with pooled-earnings (parent-OPEID rollup)
Publishing ...
  institutions: 10
  cities: 8
  programs: 744
  files_written: 763
  stale_deleted: 0
Wrote home.json + methodology.json + roi_constants.json
Wrote rankings.json (reporting_year=2024)
=== Done. Output: /Users/richardwong/college-study-data/data/published ===
========== PR ==========
Fri May  8 05:49:28 PDT 2026
  [api] median_debt: 1024 cells
  [api] default_rate: 1131 cells
  [api] pell_share: 1814 cells
  [api] earnings_median_10yr: 605 cells
  [api] earnings_median_8yr: 695 cells
  [api] earnings_median_6yr: 790 cells
  api: 143 institutions w/ history; vintages with data: [2002, 2003, 2004, 2005, 2006, 2007, 2008, 2009, 2010, 2011, 2012, 2013, 2014, 2015, 2016, 2017, 2018, 2019, 2020, 2021, 2022, 2023, 2024]
  merged: 235 institutions; continuous vintage range 1996–2024 (29 years)
  Anomaly engine: 314 institution-level flags
Loading Scorecard FieldOfStudyData (current vintage) ...
  2310 FoS rows for PR institutions
  Built 2310 Program models
Loading historical FieldOfStudyData files from /Users/richardwong/college-study-data/data/raw/scorecard_bulk/College_Scorecard_Raw_Data_05192025 ...
  2598 (unitid×cip×credlev) keys w/ history; FoS vintages [2014, 2015, 2016, 2017, 2018, 2019]
  Anomaly engine: 314 program-level flags
  Detected 0 programs with pooled-earnings (parent-OPEID rollup)
Publishing ...
  institutions: 94
  cities: 29
  programs: 2310
  files_written: 2433
  stale_deleted: 0
Wrote home.json + methodology.json + roi_constants.json
Wrote rankings.json (reporting_year=2024)
=== Done. Output: /Users/richardwong/college-study-data/data/published ===
========== ALL DONE ==========
Fri May  8 05:55:47 PDT 2026
